<?xml version="1.0" encoding="UTF-8"?>
<!-- Generated by org.testng.reporters.JUnitXMLReporter -->
<testsuite ignored="0" hostname="DESKTOP-C3POGAD" failures="2" tests="15" name="OpenCart Tests" time="282.31" errors="0" timestamp="2022-01-21T14:53:26 EST">
  <testcase classname="testCases.TC_001_AccountRegistration" name="test_account_Registration" time="12.865"/>
  <testcase classname="testCases.TC_002_Login" name="test_Login" time="10.356"/>
  <testcase classname="testCases.TC_003_LoginDDT" name="test_LoginDDT" time="5.845"/>
  <testcase classname="testCases.TC_003_LoginDDT" name="test_LoginDDT" time="12.325"/>
  <testcase classname="testCases.TC_003_LoginDDT" name="test_LoginDDT" time="12.119"/>
  <testcase classname="testCases.TC_003_LoginDDT" name="test_LoginDDT" time="12.166"/>
  <testcase classname="testCases.TC_004Search" name="test_search" time="17.291"/>
  <testcase classname="testCases.TC_005_Addcart" name="test_addcart" time="14.032">
    <failure type="java.lang.AssertionError" message="expected [true] but found [false]">
      <![CDATA[java.lang.AssertionError: expected [true] but found [false]
at testCases.TC_005_Addcart.test_addcart(TC_005_Addcart.java:55)
at java.base/java.util.ArrayList.forEach(ArrayList.java:1511)
at java.base/java.util.concurrent.FutureTask.run(FutureTask.java:264)
at java.base/java.util.concurrent.ThreadPoolExecutor.runWorker(ThreadPoolExecutor.java:1136)
at java.base/java.util.concurrent.ThreadPoolExecutor$Worker.run(ThreadPoolExecutor.java:635)
at java.base/java.lang.Thread.run(Thread.java:833)
... Removed 22 stack frames]]>
    </failure>
  </testcase> <!-- test_addcart -->
  <testcase classname="testCases.TC_006_ProductCompare" name="test_productcompare" time="16.858"/>
  <testcase classname="testCases.TC_007_WishList" name="test_wishlist" time="27.503"/>
  <testcase classname="testCases.TC_008_ProductDisplayPage" name="test_productdisplay" time="16.239"/>
  <testcase classname="testCases.TC_009_ForgotPassword" name="test_forgotpassword" time="13.869"/>
  <testcase classname="testCases.TC_010_ShoppingCart" name="test_ShoppingCart" time="38.486"/>
  <testcase classname="testCases.TC_011_Checkout" name="test_checkout" time="19.792">
    <failure type="java.lang.AssertionError" message="expected [true] but found [false]">
      <![CDATA[java.lang.AssertionError: expected [true] but found [false]
at testCases.TC_011_Checkout.test_checkout(TC_011_Checkout.java:64)
at java.base/java.util.ArrayList.forEach(ArrayList.java:1511)
at java.base/java.util.concurrent.FutureTask.run(FutureTask.java:264)
at java.base/java.util.concurrent.ThreadPoolExecutor.runWorker(ThreadPoolExecutor.java:1136)
at java.base/java.util.concurrent.ThreadPoolExecutor$Worker.run(ThreadPoolExecutor.java:635)
at java.base/java.lang.Thread.run(Thread.java:833)
... Removed 22 stack frames]]>
    </failure>
  </testcase> <!-- test_checkout -->
  <testcase classname="testCases.TC_012_MyAccount" name="test_Myaccount" time="20.136"/>
</testsuite> <!-- OpenCart Tests -->
